2026-04-06 15:59:21 INFO  Log:10 - =====================================verifyAllProductToDetail TEST START=========================================
2026-04-06 15:59:24 INFO  Log:21 - Verify user is navigated to ALL PRODUCTS page successfully
2026-04-06 15:59:24 INFO  Log:21 - Verify the products list is visible
2026-04-06 15:59:26 INFO  Log:21 - Click Search Button
2026-04-06 15:59:26 INFO  Log:21 - Verify 'SEARCHED PRODUCTS' is visible
2026-04-06 15:59:26 INFO  Log:14 - =====================================searchProductTest TEST END=========================================
2026-04-06 15:59:28 INFO  Log:10 - =====================================verifyAllProductToDetail TEST START=========================================
2026-04-06 15:59:49 INFO  Log:10 - =====================================verifyAllProductToDetail TEST START=========================================
2026-04-06 15:59:52 INFO  Log:21 - Verify user is navigated to ALL PRODUCTS page successfully
2026-04-06 15:59:52 INFO  Log:21 - Verify the products list is visible
2026-04-06 15:59:54 INFO  Log:21 - Click Search Button
2026-04-06 15:59:54 INFO  Log:21 - Verify 'SEARCHED PRODUCTS' is visible
2026-04-06 15:59:54 INFO  Log:14 - =====================================searchProductTest TEST END=========================================
2026-04-06 16:12:39 INFO  Log:10 - =====================================searchProductTest TEST START=========================================
2026-04-06 16:12:41 INFO  Log:21 - Verify user is navigated to ALL PRODUCTS page successfully
2026-04-06 16:12:41 INFO  Log:21 - Verify the products list is visible
2026-04-06 16:12:43 INFO  Log:21 - Click Search Button
2026-04-06 16:12:43 INFO  Log:21 - Verify 'SEARCHED PRODUCTS' is visible
2026-04-06 16:12:44 INFO  Log:14 - =====================================searchProductTest TEST END=========================================
2026-04-06 16:12:45 INFO  Log:10 - =====================================searchProductTest TEST START=========================================
2026-04-06 16:13:28 INFO  Log:10 - =====================================verifySubscriptionTest TEST START=========================================
2026-04-06 16:13:28 INFO  Log:21 - Click sub button
2026-04-06 16:13:29 INFO  Log:21 - Verify success message 'You have been successfully subscribed!' is visible
2026-04-06 16:13:29 INFO  Log:14 - =====================================verifySubscriptionTest TEST END=========================================
2026-04-06 16:25:33 INFO  Log:10 - =====================================verifySubscriptionInCartPageTest TEST START=========================================
2026-04-06 16:25:34 INFO  Log:21 - Verify Cart Page
2026-04-06 16:25:35 INFO  Log:21 - Click sub button
2026-04-06 16:25:35 INFO  Log:21 - Verify success message 'You have been successfully subscribed!' is visible
2026-04-06 16:25:35 INFO  Log:14 - =====================================verifySubscriptionInCartPageTest TEST END=========================================
2026-04-06 16:25:39 INFO  Log:10 - =====================================verifySubscriptionInHomePageTest TEST START=========================================
2026-04-06 16:25:39 INFO  Log:21 - Click sub button
2026-04-06 16:25:39 INFO  Log:21 - Verify success message 'You have been successfully subscribed!' is visible
2026-04-06 16:25:39 INFO  Log:14 - =====================================verifySubscriptionInHomePageTest TEST END=========================================
2026-04-06 16:26:23 INFO  Log:10 - =====================================verifySubscriptionInCartPageTest TEST START=========================================
2026-04-06 16:26:25 INFO  Log:21 - Verify Cart Page
2026-04-06 16:26:25 INFO  Log:21 - Click sub button
2026-04-06 16:26:25 INFO  Log:21 - Verify success message 'You have been successfully subscribed!' is visible
2026-04-06 16:26:25 INFO  Log:14 - =====================================verifySubscriptionInCartPageTest TEST END=========================================
2026-04-06 16:26:29 INFO  Log:10 - =====================================verifySubscriptionInHomePageTest TEST START=========================================
2026-04-06 16:26:29 INFO  Log:21 - Click sub button
2026-04-06 16:26:29 INFO  Log:21 - Verify success message 'You have been successfully subscribed!' is visible
2026-04-06 16:26:29 INFO  Log:14 - =====================================verifySubscriptionInHomePageTest TEST END=========================================
